TN:
SF:js\app\campaignSubmit.js
FN:8,processCampaignLabSubmit
FNF:1
FNH:1
FNDA:7,processCampaignLabSubmit
DA:1,1
DA:2,1
DA:3,1
DA:4,1
DA:5,1
DA:6,1
DA:7,1
DA:8,1
DA:9,7
DA:10,7
DA:12,7
DA:13,2
DA:14,2
DA:15,1
DA:16,1
DA:17,1
DA:18,1
DA:19,1
DA:20,1
DA:21,1
DA:22,2
DA:23,2
DA:24,0
DA:25,0
DA:27,7
DA:28,2
DA:29,2
DA:30,2
DA:31,2
DA:32,2
DA:33,2
DA:34,2
DA:35,2
DA:36,2
DA:37,2
DA:38,2
DA:39,2
DA:40,1
DA:41,1
DA:42,1
DA:43,1
DA:44,1
DA:45,1
DA:46,1
DA:47,1
DA:48,1
DA:49,1
DA:50,1
DA:51,1
DA:52,1
DA:53,1
DA:54,1
DA:55,1
DA:56,1
DA:57,1
DA:58,1
DA:59,1
DA:60,0
DA:61,0
DA:62,0
DA:63,0
DA:64,0
DA:65,0
DA:66,0
DA:67,0
DA:68,0
DA:69,0
DA:70,0
DA:71,0
DA:72,0
DA:73,0
DA:74,0
DA:75,0
DA:76,2
DA:77,2
DA:79,7
DA:80,0
DA:81,0
DA:82,0
DA:83,0
DA:84,0
DA:85,0
DA:86,0
DA:87,0
DA:88,0
DA:89,0
DA:90,0
DA:91,0
DA:92,0
DA:93,0
DA:94,0
DA:95,0
DA:96,0
DA:97,0
DA:98,0
DA:99,0
DA:100,0
DA:101,0
DA:102,0
DA:103,0
DA:104,0
DA:105,0
DA:106,0
DA:107,0
DA:108,0
DA:109,0
DA:111,2
DA:112,2
DA:113,1
DA:114,1
DA:115,1
DA:116,1
DA:117,1
DA:118,1
DA:119,1
DA:120,1
DA:121,1
DA:122,1
DA:123,1
DA:124,1
DA:125,1
DA:126,1
DA:127,1
DA:128,1
DA:129,1
DA:130,2
DA:131,7
LF:127
LH:79
BRDA:8,0,0,7
BRDA:10,1,0,1
BRDA:10,2,0,6
BRDA:12,3,0,2
BRDA:14,4,0,1
BRDA:16,5,0,0
BRDA:18,6,0,0
BRDA:23,7,0,0
BRDA:25,8,0,4
BRDA:27,9,0,2
BRDA:27,10,0,2
BRDA:29,11,0,0
BRDA:31,12,0,0
BRDA:31,13,0,0
BRDA:32,14,0,0
BRDA:33,15,0,1
BRDA:34,16,0,0
BRDA:34,17,0,1
BRDA:35,18,0,0
BRDA:35,19,0,1
BRDA:36,20,0,0
BRDA:36,21,0,1
BRDA:37,22,0,0
BRDA:39,23,0,1
BRDA:41,24,0,0
BRDA:50,25,0,0
BRDA:59,26,0,0
BRDA:79,27,0,0
BRDA:109,28,0,2
BRDA:112,29,0,1
BRDA:115,30,0,0
BRDA:123,31,0,0
BRDA:125,32,0,0
BRDA:120,33,0,1
BRF:34
BRH:16
end_of_record
TN:
SF:js\app\endlessSubmit.js
FN:7,submitEndlessRound
FN:58,showEndlessRoundComplete
FNF:2
FNH:2
FNDA:4,submitEndlessRound
FNDA:2,showEndlessRoundComplete
DA:1,1
DA:2,1
DA:4,1
DA:5,1
DA:6,1
DA:7,1
DA:8,4
DA:9,3
DA:10,4
DA:11,1
DA:12,1
DA:13,1
DA:14,1
DA:15,2
DA:16,4
DA:17,1
DA:18,1
DA:19,1
DA:20,1
DA:22,1
DA:23,4
DA:24,2
DA:25,4
DA:26,8
DA:27,8
DA:28,8
DA:29,8
DA:30,8
DA:31,0
DA:32,0
DA:33,0
DA:34,0
DA:35,0
DA:36,0
DA:37,0
DA:38,0
DA:39,0
DA:40,8
DA:41,4
DA:42,2
DA:44,1
DA:45,1
DA:46,1
DA:47,1
DA:48,1
DA:49,4
DA:50,4
DA:51,4
DA:52,4
DA:53,4
DA:55,1
DA:56,1
DA:57,1
DA:58,1
DA:59,2
DA:60,1
DA:61,1
DA:62,1
DA:63,1
DA:64,1
DA:65,1
DA:66,1
DA:67,0
DA:68,0
DA:69,1
DA:70,1
DA:71,1
DA:72,0
DA:73,0
DA:74,0
DA:75,0
DA:76,0
DA:77,1
DA:78,1
LF:74
LH:58
BRDA:7,0,0,4
BRDA:8,1,0,1
BRDA:8,2,0,3
BRDA:10,3,0,1
BRDA:14,4,0,2
BRDA:16,5,0,1
BRDA:23,6,0,2
BRDA:24,7,0,4
BRDA:25,8,0,8
BRDA:30,9,0,0
BRDA:42,10,0,1
BRDA:58,11,0,2
BRDA:59,12,0,1
BRF:13
BRH:12
end_of_record
TN:
SF:js\app\jkPulse.js
FN:8,handleJkPulse
FNF:1
FNH:1
FNDA:2,handleJkPulse
DA:1,1
DA:2,1
DA:4,1
DA:5,1
DA:6,1
DA:7,1
DA:8,1
DA:9,2
DA:10,1
DA:11,1
DA:12,1
DA:13,1
DA:15,2
DA:16,1
DA:17,1
DA:18,1
DA:19,1
DA:20,1
DA:21,1
DA:22,1
DA:23,1
DA:24,2
DA:25,0
DA:26,0
DA:27,0
DA:28,0
DA:29,0
DA:30,0
DA:31,0
DA:32,0
DA:33,0
DA:34,0
DA:35,0
DA:36,2
LF:34
LH:23
BRDA:8,0,0,2
BRDA:9,1,0,1
BRDA:9,2,0,1
BRDA:9,3,0,1
BRDA:15,4,0,1
BRDA:20,5,0,0
BRDA:24,6,0,0
BRDA:23,7,0,1
BRF:8
BRH:6
end_of_record
TN:
SF:js\app\portalGameContext.js
FN:9,getPortalLevelId
FN:19,getPortalTargetConcept
FN:41,getPortalTimeSpentSeconds
FNF:3
FNH:3
FNDA:3,getPortalLevelId
FNDA:5,getPortalTargetConcept
FNDA:3,getPortalTimeSpentSeconds
DA:1,1
DA:2,1
DA:3,1
DA:5,1
DA:6,1
DA:7,1
DA:8,1
DA:9,1
DA:10,3
DA:11,3
DA:12,1
DA:13,1
DA:15,1
DA:16,1
DA:17,1
DA:18,1
DA:19,1
DA:20,5
DA:21,5
DA:22,3
DA:23,5
DA:24,1
DA:25,5
DA:26,0
DA:27,5
DA:28,0
DA:29,5
DA:30,1
DA:31,5
DA:32,0
DA:33,5
DA:34,1
DA:35,5
DA:36,5
DA:38,1
DA:39,1
DA:40,1
DA:41,1
DA:42,3
DA:43,2
DA:44,2
LF:41
LH:38
BRDA:9,0,0,3
BRDA:10,1,0,1
BRDA:10,2,0,2
BRDA:11,3,0,1
BRDA:19,4,0,5
BRDA:20,5,0,1
BRDA:20,6,0,4
BRDA:21,7,0,1
BRDA:21,8,0,3
BRDA:23,9,0,1
BRDA:25,10,0,0
BRDA:27,11,0,0
BRDA:29,12,0,1
BRDA:31,13,0,0
BRDA:33,14,0,1
BRDA:41,15,0,3
BRDA:42,16,0,1
BRDA:42,17,0,2
BRF:18
BRH:15
end_of_record
TN:
SF:js\app\lab\isValidLabPlaceKind.js
FN:1,isValidLabPlaceKind
FNF:1
FNH:1
FNDA:20,isValidLabPlaceKind
DA:1,1
DA:2,20
DA:3,17
DA:4,20
DA:5,20
DA:6,20
DA:7,4
DA:8,4
LF:8
LH:8
BRDA:1,0,0,20
BRDA:2,1,0,3
BRDA:2,2,0,17
BRDA:4,3,0,11
BRDA:4,4,0,6
BRDA:5,5,0,2
BRDA:5,6,0,1
BRDA:5,7,0,5
BRDA:6,8,0,2
BRDA:6,9,0,1
BRDA:6,10,0,4
BRF:11
BRH:11
end_of_record
TN:
SF:js\app\lab\labBlockIdFromElement.js
FN:5,labBlockIdFromElement
FNF:1
FNH:1
FNDA:7,labBlockIdFromElement
DA:1,1
DA:2,1
DA:3,1
DA:4,1
DA:5,1
DA:6,7
DA:7,7
DA:8,7
DA:9,1
DA:10,1
DA:11,7
DA:12,7
DA:13,7
DA:14,7
DA:15,7
DA:16,1
DA:17,1
LF:17
LH:17
BRDA:5,0,0,7
BRDA:7,1,0,1
BRDA:7,2,0,6
BRDA:8,3,0,1
BRDA:9,4,0,0
BRDA:10,5,0,5
BRDA:11,6,0,0
BRDA:12,7,0,1
BRDA:12,8,0,4
BRDA:13,9,0,1
BRDA:13,10,0,3
BRDA:14,11,0,1
BRDA:14,12,0,2
BRDA:15,13,0,1
BRF:14
BRH:12
end_of_record
TN:
SF:js\app\lab\svgClientToSvg.js
FN:6,svgClientToSvg
FNF:1
FNH:1
FNDA:2,svgClientToSvg
DA:1,1
DA:2,1
DA:3,1
DA:4,1
DA:5,1
DA:6,1
DA:7,2
DA:8,2
DA:9,2
DA:10,2
DA:11,2
DA:12,1
DA:13,1
DA:14,1
LF:14
LH:14
BRDA:6,0,0,2
BRDA:11,1,0,1
BRF:2
BRH:2
end_of_record
TN:
SF:js\levels\labLevelUtils.js
FN:10,ensureInputPins
FN:24,evaluateWithPins
FN:38,ledIdForLabel
FNF:3
FNH:3
FNDA:17,ensureInputPins
FNDA:20,evaluateWithPins
FNDA:11,ledIdForLabel
DA:1,1
DA:2,1
DA:3,1
DA:5,1
DA:6,1
DA:7,1
DA:8,1
DA:9,1
DA:10,1
DA:11,17
DA:12,32
DA:13,32
DA:14,32
DA:15,32
DA:16,9
DA:17,9
DA:19,1
DA:20,1
DA:21,1
DA:22,1
DA:23,1
DA:24,1
DA:25,20
DA:26,114
DA:27,54
DA:28,54
DA:29,114
DA:30,20
DA:31,20
DA:33,1
DA:34,1
DA:35,1
DA:36,1
DA:37,1
DA:38,1
DA:39,11
DA:40,11
DA:41,11
LF:38
LH:38
BRDA:10,0,0,17
BRDA:11,1,0,32
BRDA:13,2,0,7
BRDA:13,3,0,25
BRDA:14,4,0,1
BRDA:15,5,0,9
BRDA:12,6,0,101
BRDA:12,7,0,67
BRDA:24,8,0,20
BRDA:25,9,0,114
BRDA:26,10,0,54
BRDA:26,11,0,54
BRDA:26,12,0,54
BRDA:27,13,0,26
BRDA:27,14,0,28
BRDA:38,15,0,11
BRDA:40,16,0,8
BRDA:40,17,0,3
BRF:18
BRH:18
end_of_record
TN:
SF:js\levels\level1.js
FN:11,getLevel1CoachState
FN:26,wiredIn
FN:51,setupLab
FN:60,resetProgress
FN:65,checkLab
FNF:5
FNH:4
FNDA:2,getLevel1CoachState
FNDA:6,wiredIn
FNDA:4,setupLab
FNDA:0,resetProgress
FNDA:3,checkLab
DA:1,1
DA:2,1
DA:3,1
DA:5,1
DA:7,1
DA:8,1
DA:9,1
DA:10,1
DA:11,1
DA:12,2
DA:13,2
DA:14,2
DA:15,2
DA:16,2
DA:18,2
DA:19,2
DA:20,15
DA:21,15
DA:22,15
DA:23,15
DA:24,2
DA:26,2
DA:27,2
DA:28,2
DA:29,2
DA:30,2
DA:32,2
DA:33,2
DA:35,1
DA:36,1
DA:37,1
DA:38,1
DA:39,1
DA:40,1
DA:41,1
DA:42,1
DA:43,1
DA:44,1
DA:45,1
DA:47,1
DA:48,1
DA:49,1
DA:50,1
DA:51,1
DA:52,4
DA:53,4
DA:54,4
DA:55,4
DA:56,4
DA:57,4
DA:58,1
DA:60,1
DA:62,1
DA:63,1
DA:64,1
DA:65,1
DA:66,3
DA:67,3
DA:68,1
DA:69,1
DA:70,1
DA:71,1
DA:72,1
DA:74,2
DA:75,2
DA:76,2
DA:77,3
DA:78,1
DA:79,1
DA:80,1
DA:81,1
DA:82,1
DA:84,3
DA:85,2
DA:86,4
DA:87,8
DA:88,8
DA:89,8
DA:90,8
DA:91,8
DA:92,0
DA:93,0
DA:94,0
DA:95,0
DA:96,0
DA:97,8
DA:98,4
DA:99,2
DA:101,1
DA:102,1
DA:103,1
LF:91
LH:86
BRDA:11,0,0,2
BRDA:19,1,0,15
BRDA:20,2,0,1
BRDA:21,3,0,1
BRDA:22,4,0,1
BRDA:24,5,0,1
BRDA:24,6,0,1
BRDA:30,7,0,1
BRDA:30,8,0,1
BRDA:12,9,0,6
BRDA:12,10,0,12
BRDA:26,11,0,6
BRDA:26,12,0,16
BRDA:51,13,0,4
BRDA:65,14,0,3
BRDA:67,15,0,1
BRDA:72,16,0,2
BRDA:77,17,0,1
BRDA:77,18,0,1
BRDA:77,19,0,1
BRDA:84,20,0,2
BRDA:85,21,0,4
BRDA:86,22,0,8
BRDA:89,23,0,4
BRDA:89,24,0,4
BRDA:91,25,0,0
BRDA:99,26,0,1
BRF:27
BRH:26
end_of_record
TN:
SF:js\levels\level2.js
FN:19,setupLab
FN:23,resetProgress
FN:27,expectedQ
FN:35,checkLab
FN:90,_progressSnapshot
FN:99,getProgress
FNF:6
FNH:6
FNDA:3,setupLab
FNDA:3,resetProgress
FNDA:4,expectedQ
FNDA:2,checkLab
FNDA:1,_progressSnapshot
FNDA:1,getProgress
DA:1,1
DA:2,1
DA:3,1
DA:5,1
DA:7,1
DA:8,1
DA:9,1
DA:10,1
DA:11,1
DA:12,1
DA:13,1
DA:14,1
DA:16,1
DA:17,1
DA:19,1
DA:20,3
DA:21,1
DA:23,1
DA:24,3
DA:25,1
DA:27,1
DA:28,4
DA:29,4
DA:30,1
DA:32,1
DA:33,1
DA:34,1
DA:35,1
DA:36,2
DA:37,2
DA:39,1
DA:40,1
DA:42,0
DA:43,2
DA:44,2
DA:45,2
DA:46,2
DA:48,2
DA:49,2
DA:50,2
DA:52,2
DA:53,0
DA:54,0
DA:55,0
DA:56,0
DA:57,0
DA:58,0
DA:59,0
DA:60,0
DA:61,0
DA:63,0
DA:64,0
DA:65,0
DA:66,0
DA:67,0
DA:68,0
DA:69,0
DA:70,0
DA:71,0
DA:72,0
DA:74,0
DA:75,0
DA:76,0
DA:77,0
DA:78,0
DA:79,0
DA:80,0
DA:81,0
DA:82,0
DA:83,0
DA:84,0
DA:85,0
DA:86,0
DA:87,0
DA:88,1
DA:90,1
DA:91,1
DA:92,1
DA:93,1
DA:94,1
DA:95,1
DA:96,1
DA:97,1
DA:99,1
DA:100,1
DA:101,1
DA:102,1
LF:87
LH:53
BRDA:19,0,0,3
BRDA:23,1,0,3
BRDA:27,2,0,4
BRDA:29,3,0,1
BRDA:29,4,0,3
BRDA:35,5,0,2
BRDA:37,6,0,1
BRDA:40,7,0,0
BRDA:44,8,0,0
BRDA:45,9,0,0
BRDA:49,10,0,0
BRDA:52,11,0,0
BRDA:90,12,0,1
BRDA:99,13,0,1
BRF:14
BRH:9
end_of_record
TN:
SF:js\levels\level3.js
FN:25,setupLab
FN:29,resetProgress
FN:36,checkLab
FNF:3
FNH:3
FNDA:2,setupLab
FNDA:2,resetProgress
FNDA:2,checkLab
DA:1,1
DA:2,1
DA:3,1
DA:5,1
DA:7,1
DA:8,1
DA:9,1
DA:10,1
DA:11,1
DA:12,1
DA:13,1
DA:14,1
DA:16,1
DA:18,1
DA:19,1
DA:20,1
DA:21,1
DA:22,1
DA:23,1
DA:25,1
DA:26,2
DA:27,1
DA:29,1
DA:30,2
DA:31,1
DA:33,1
DA:34,1
DA:35,1
DA:36,1
DA:37,2
DA:38,2
DA:40,1
DA:41,1
DA:43,0
DA:44,0
DA:45,0
DA:47,0
DA:48,0
DA:49,2
DA:50,0
DA:51,0
DA:53,0
DA:54,0
DA:55,0
DA:56,2
DA:57,2
DA:58,0
DA:59,0
DA:61,0
DA:62,2
DA:63,2
DA:64,2
DA:66,2
DA:67,0
DA:68,0
DA:69,0
DA:70,0
DA:71,0
DA:72,0
DA:74,0
DA:75,0
DA:76,0
DA:78,0
DA:79,0
DA:80,0
DA:81,0
DA:82,0
DA:83,0
DA:84,0
DA:85,0
DA:86,0
DA:87,0
DA:88,0
DA:89,0
DA:90,0
DA:91,0
DA:92,0
DA:93,0
DA:94,0
DA:95,0
DA:96,0
DA:97,0
DA:98,0
DA:99,0
DA:100,0
DA:101,0
DA:102,0
DA:103,0
DA:104,0
DA:105,0
DA:106,0
DA:107,0
DA:108,0
DA:109,0
DA:110,0
DA:111,0
DA:112,0
DA:113,0
DA:114,0
DA:115,0
DA:116,0
DA:117,0
DA:118,0
DA:119,0
DA:120,0
DA:122,0
DA:123,1
DA:124,1
LF:108
LH:42
BRDA:25,0,0,2
BRDA:29,1,0,2
BRDA:36,2,0,2
BRDA:38,3,0,1
BRDA:41,4,0,0
BRDA:49,5,0,0
BRDA:56,6,0,0
BRDA:57,7,0,0
BRDA:57,8,0,0
BRDA:63,9,0,0
BRDA:66,10,0,0
BRDA:66,11,0,0
BRF:12
BRH:4
end_of_record
TN:
SF:js\levels\level4.js
FN:20,setupLab
FN:24,resetProgress
FN:28,resetSequence
FN:37,primeLab
FN:51,afterJkPulse
FNF:5
FNH:5
FNDA:2,setupLab
FNDA:2,resetProgress
FNDA:4,resetSequence
FNDA:1,primeLab
FNDA:3,afterJkPulse
DA:1,1
DA:2,1
DA:3,1
DA:5,1
DA:7,1
DA:8,1
DA:9,1
DA:10,1
DA:11,1
DA:12,1
DA:13,1
DA:14,1
DA:16,1
DA:17,1
DA:18,1
DA:20,1
DA:21,2
DA:22,1
DA:24,1
DA:25,2
DA:26,1
DA:28,1
DA:29,4
DA:30,4
DA:31,1
DA:33,1
DA:34,1
DA:35,1
DA:36,1
DA:37,1
DA:38,1
DA:39,1
DA:40,1
DA:41,1
DA:42,1
DA:43,1
DA:44,1
DA:45,1
DA:47,1
DA:48,1
DA:49,1
DA:50,1
DA:51,1
DA:52,3
DA:53,3
DA:54,1
DA:55,1
DA:57,2
DA:58,3
DA:60,2
DA:61,2
DA:63,2
DA:64,2
DA:65,3
DA:67,3
DA:68,3
DA:69,3
DA:70,3
DA:71,1
DA:72,1
DA:73,1
DA:74,3
DA:76,2
DA:77,3
DA:79,3
DA:80,3
DA:81,3
DA:82,3
DA:83,3
DA:84,3
DA:85,3
DA:86,3
DA:87,3
DA:88,3
DA:90,3
DA:91,3
DA:93,1
DA:94,1
DA:95,1
LF:79
LH:79
BRDA:20,0,0,2
BRDA:24,1,0,2
BRDA:28,2,0,4
BRDA:37,3,0,1
BRDA:51,4,0,3
BRDA:53,5,0,1
BRDA:55,6,0,2
BRDA:58,7,0,0
BRDA:58,8,0,2
BRDA:65,9,0,0
BRDA:70,10,0,1
BRDA:74,11,0,2
BRDA:77,12,0,0
BRDA:80,13,0,2
BRDA:80,14,0,0
BRDA:81,15,0,0
BRDA:81,16,0,2
BRDA:90,17,0,0
BRDA:90,18,0,2
BRDA:91,19,0,1
BRDA:57,20,0,6
BRDA:57,21,0,2
BRF:22
BRH:16
end_of_record
TN:
SF:js\levels\level5.js
FN:19,setupLab
FN:23,resetProgress
FN:27,expectedF
FN:38,checkLab
FN:90,_progressSnapshot
FN:99,getProgress
FNF:6
FNH:4
FNDA:2,setupLab
FNDA:2,resetProgress
FNDA:2,expectedF
FNDA:1,checkLab
FNDA:0,_progressSnapshot
FNDA:0,getProgress
DA:1,1
DA:2,1
DA:3,1
DA:5,1
DA:7,1
DA:8,1
DA:9,1
DA:10,1
DA:11,1
DA:12,1
DA:13,1
DA:14,1
DA:16,1
DA:17,1
DA:19,1
DA:20,2
DA:21,1
DA:23,1
DA:24,2
DA:25,1
DA:27,1
DA:28,2
DA:29,2
DA:30,2
DA:31,2
DA:32,2
DA:33,1
DA:35,1
DA:36,1
DA:37,1
DA:38,1
DA:39,1
DA:40,1
DA:42,0
DA:43,0
DA:45,0
DA:46,1
DA:47,1
DA:48,1
DA:49,1
DA:51,1
DA:52,1
DA:53,1
DA:55,1
DA:56,0
DA:57,0
DA:58,0
DA:59,0
DA:60,0
DA:61,0
DA:62,0
DA:63,0
DA:65,0
DA:66,0
DA:67,0
DA:68,0
DA:69,0
DA:70,0
DA:71,0
DA:72,0
DA:73,0
DA:75,0
DA:76,0
DA:77,0
DA:78,0
DA:79,0
DA:80,0
DA:81,0
DA:82,0
DA:83,0
DA:84,0
DA:85,0
DA:86,0
DA:87,0
DA:88,1
DA:90,1
DA:91,0
DA:92,0
DA:93,0
DA:94,0
DA:95,0
DA:96,0
DA:97,1
DA:99,1
DA:100,0
DA:101,1
DA:102,1
LF:87
LH:47
BRDA:19,0,0,2
BRDA:23,1,0,2
BRDA:27,2,0,2
BRDA:28,3,0,1
BRDA:28,4,0,1
BRDA:38,5,0,1
BRDA:40,6,0,0
BRDA:47,7,0,0
BRDA:48,8,0,0
BRDA:52,9,0,0
BRDA:55,10,0,0
BRF:11
BRH:6
end_of_record
TN:
SF:js\modules\aiProxyClient.js
FN:10,resolveAiProxyUrl
FN:22,getOpenAiAssistantText
FN:28,sleep
FN:41,postAiProxyChatCompletion
FNF:4
FNH:4
FNDA:5,resolveAiProxyUrl
FNDA:5,getOpenAiAssistantText
FNDA:1,sleep
FNDA:3,postAiProxyChatCompletion
DA:1,1
DA:2,1
DA:3,1
DA:4,1
DA:5,1
DA:6,1
DA:7,1
DA:8,1
DA:9,1
DA:10,1
DA:11,5
DA:12,5
DA:13,1
DA:14,1
DA:15,4
DA:16,4
DA:17,1
DA:18,1
DA:19,1
DA:20,1
DA:21,1
DA:22,1
DA:23,5
DA:24,5
DA:25,5
DA:26,5
DA:27,1
DA:28,1
DA:29,1
DA:30,1
DA:31,1
DA:32,1
DA:33,1
DA:34,1
DA:35,1
DA:36,1
DA:37,1
DA:38,1
DA:39,1
DA:40,1
DA:41,1
DA:42,3
DA:43,3
DA:44,3
DA:45,3
DA:46,3
DA:47,3
DA:48,3
DA:49,3
DA:50,3
DA:51,3
DA:52,3
DA:53,3
DA:54,3
DA:55,3
DA:56,4
DA:57,4
DA:58,0
DA:59,0
DA:60,4
DA:61,4
DA:62,4
DA:63,4
DA:64,4
DA:65,4
DA:66,4
DA:67,4
DA:68,4
DA:69,4
DA:70,4
DA:71,4
DA:72,4
DA:73,4
DA:74,4
DA:75,4
DA:76,4
DA:77,0
DA:78,0
DA:79,4
DA:80,4
DA:81,1
DA:82,1
DA:83,1
DA:84,1
DA:85,1
DA:86,1
DA:87,1
DA:88,1
DA:89,3
DA:90,4
DA:91,1
DA:92,1
DA:93,1
DA:94,1
DA:95,1
DA:96,1
DA:97,1
DA:98,2
DA:99,2
DA:100,2
DA:101,0
DA:102,0
DA:103,0
LF:103
LH:96
BRDA:10,0,0,5
BRDA:12,1,0,1
BRDA:12,2,0,1
BRDA:14,3,0,4
BRDA:22,4,0,5
BRDA:23,5,0,4
BRDA:23,6,0,3
BRDA:24,7,0,4
BRDA:25,8,0,1
BRDA:25,9,0,0
BRDA:28,10,0,1
BRDA:29,11,0,1
BRDA:41,12,0,3
BRDA:48,13,0,0
BRDA:53,14,0,0
BRDA:55,15,0,4
BRDA:57,16,0,0
BRDA:65,17,0,0
BRDA:65,18,0,0
BRDA:76,19,0,0
BRDA:80,20,0,1
BRDA:80,21,0,1
BRDA:82,22,0,0
BRDA:85,23,0,0
BRDA:88,24,0,3
BRDA:90,25,0,1
BRDA:92,26,0,0
BRDA:93,27,0,0
BRDA:94,28,0,0
BRDA:97,29,0,2
BRDA:100,30,0,0
BRF:31
BRH:18
end_of_record
TN:
SF:js\modules\audio.js
FN:6,AudioManager
FN:12,init
FN:21,_ensureContext
FN:27,playSwitch
FN:42,playClock
FN:56,playSuccess
FN:73,playFail
FN:88,playTick
FN:102,playHint
FN:117,toggle
FNF:10
FNH:10
FNDA:4,AudioManager
FNDA:4,init
FNDA:7,_ensureContext
FNDA:1,playSwitch
FNDA:1,playClock
FNDA:2,playSuccess
FNDA:1,playFail
FNDA:1,playTick
FNDA:1,playHint
FNDA:2,toggle
DA:1,1
DA:2,1
DA:3,1
DA:5,1
DA:6,1
DA:7,4
DA:8,4
DA:9,4
DA:10,4
DA:12,1
DA:13,4
DA:14,3
DA:15,4
DA:16,4
DA:17,1
DA:18,1
DA:19,4
DA:21,1
DA:22,7
DA:23,7
DA:24,6
DA:25,7
DA:27,1
DA:28,1
DA:29,1
DA:30,1
DA:31,1
DA:32,1
DA:33,1
DA:34,1
DA:35,1
DA:36,1
DA:37,1
DA:38,1
DA:39,1
DA:40,1
DA:42,1
DA:43,1
DA:44,1
DA:45,1
DA:46,1
DA:47,1
DA:48,1
DA:49,1
DA:50,1
DA:51,1
DA:52,1
DA:53,1
DA:54,1
DA:56,1
DA:57,2
DA:58,1
DA:59,1
DA:60,4
DA:61,4
DA:62,4
DA:63,4
DA:64,4
DA:65,4
DA:66,4
DA:67,4
DA:68,4
DA:69,4
DA:70,1
DA:71,2
DA:73,1
DA:74,1
DA:75,1
DA:76,1
DA:77,1
DA:78,1
DA:79,1
DA:80,1
DA:81,1
DA:82,1
DA:83,1
DA:84,1
DA:85,1
DA:86,1
DA:88,1
DA:89,1
DA:90,1
DA:91,1
DA:92,1
DA:93,1
DA:94,1
DA:95,1
DA:96,1
DA:97,1
DA:98,1
DA:99,1
DA:100,1
DA:102,1
DA:103,1
DA:104,1
DA:105,1
DA:106,1
DA:107,1
DA:108,1
DA:109,1
DA:110,1
DA:111,1
DA:112,1
DA:113,1
DA:114,1
DA:115,1
DA:117,1
DA:118,2
DA:119,2
DA:120,2
DA:121,1
LF:111
LH:111
BRDA:6,0,0,4
BRDA:12,1,0,4
BRDA:13,2,0,1
BRDA:13,3,0,3
BRDA:15,4,0,0
BRDA:16,5,0,1
BRDA:21,6,0,7
BRDA:22,7,0,6
BRDA:22,8,0,1
BRDA:22,9,0,6
BRDA:23,10,0,0
BRDA:23,11,0,6
BRDA:27,12,0,1
BRDA:28,13,0,0
BRDA:42,14,0,1
BRDA:43,15,0,0
BRDA:56,16,0,2
BRDA:57,17,0,1
BRDA:59,18,0,4
BRDA:73,19,0,1
BRDA:74,20,0,0
BRDA:88,21,0,1
BRDA:89,22,0,0
BRDA:102,23,0,1
BRDA:103,24,0,0
BRDA:117,25,0,2
BRF:26
BRH:19
end_of_record
TN:
SF:js\modules\circuitLab.js
FN:12,getBlockPins
FN:67,wirePath
FN:80,CircuitLab
FN:92,_genId
FN:96,clear
FN:110,placeAt
FN:187,removeBlock
FN:196,connectPorts
FN:208,findLedByLabel
FN:212,getPinValues
FN:223,pulseJk
FN:249,getSoleJkBlock
FN:254,getSoleSrBlock
FN:259,briefDescribe
FN:272,render
FN:344,_drawMacro
FN:375,_resolvePinPoint
FN:384,setWirePreviewPath
FN:401,hideWirePreview
FN:405,_gateEval
FN:427,evaluate
FN:440,readMacroOut
FN:520,_readWireTail
FN:530,_readValue
FN:547,applyVisuals
FN:561,emptyInputStates
FN:565,toggleSource
FNF:27
FNH:19
FNDA:1,getBlockPins
FNDA:1,wirePath
FNDA:41,CircuitLab
FNDA:171,_genId
FNDA:3,clear
FNDA:114,placeAt
FNDA:3,removeBlock
FNDA:57,connectPorts
FNDA:24,findLedByLabel
FNDA:2,getPinValues
FNDA:4,pulseJk
FNDA:2,getSoleJkBlock
FNDA:1,getSoleSrBlock
FNDA:0,briefDescribe
FNDA:0,render
FNDA:0,_drawMacro
FNDA:0,_resolvePinPoint
FNDA:0,setWirePreviewPath
FNDA:0,hideWirePreview
FNDA:74,_gateEval
FNDA:37,evaluate
FNDA:3,readMacroOut
FNDA:125,_readWireTail
FNDA:254,_readValue
FNDA:0,applyVisuals
FNDA:0,emptyInputStates
FNDA:2,toggleSource
DA:1,1
DA:2,1
DA:3,1
DA:5,1
DA:6,1
DA:8,1
DA:9,1
DA:10,1
DA:11,1
DA:12,1
DA:13,1
DA:14,0
DA:15,0
DA:16,0
DA:17,0
DA:18,1
DA:19,0
DA:20,0
DA:21,0
DA:22,0
DA:23,1
DA:24,0
DA:25,0
DA:26,0
DA:27,0
DA:28,0
DA:29,0
DA:30,0
DA:31,0
DA:32,0
DA:33,0
DA:34,0
DA:35,1
DA:36,0
DA:37,0
DA:38,0
DA:39,0
DA:40,0
DA:41,0
DA:42,0
DA:43,0
DA:44,0
DA:45,0
DA:46,0
DA:47,0
DA:48,1
DA:49,1
DA:50,1
DA:51,1
DA:52,1
DA:53,1
DA:54,1
DA:55,1
DA:56,1
DA:57,1
DA:58,0
DA:59,0
DA:60,0
DA:61,0
DA:62,0
DA:63,0
DA:64,0
DA:65,0
DA:67,1
DA:68,1
DA:69,1
DA:70,1
DA:71,1
DA:72,1
DA:73,1
DA:74,1
DA:75,1
DA:76,1
DA:77,1
DA:79,1
DA:80,1
DA:81,41
DA:82,41
DA:83,41
DA:84,41
DA:85,41
DA:86,41
DA:87,41
DA:88,41
DA:89,41
DA:90,41
DA:92,1
DA:93,171
DA:94,171
DA:96,1
DA:97,3
DA:98,3
DA:99,3
DA:100,3
DA:101,3
DA:102,3
DA:103,3
DA:105,1
DA:106,1
DA:107,1
DA:108,1
DA:109,1
DA:110,1
DA:111,114
DA:112,114
DA:113,31
DA:114,31
DA:115,31
DA:116,31
DA:117,31
DA:118,31
DA:119,31
DA:120,31
DA:121,31
DA:122,31
DA:123,31
DA:124,31
DA:125,114
DA:126,32
DA:127,32
DA:128,32
DA:129,32
DA:130,32
DA:131,32
DA:132,32
DA:133,32
DA:134,32
DA:135,32
DA:136,32
DA:137,32
DA:138,32
DA:139,114
DA:140,32
DA:141,32
DA:142,32
DA:143,32
DA:144,32
DA:145,32
DA:146,32
DA:147,32
DA:148,32
DA:149,32
DA:150,32
DA:151,114
DA:152,15
DA:153,15
DA:154,15
DA:155,15
DA:156,15
DA:157,15
DA:158,15
DA:159,15
DA:160,15
DA:161,71
DA:162,2
DA:163,2
DA:164,2
DA:165,2
DA:166,2
DA:167,2
DA:168,2
DA:169,2
DA:170,2
DA:171,2
DA:172,2
DA:173,2
DA:174,2
DA:175,2
DA:176,2
DA:177,2
DA:178,2
DA:179,2
DA:180,2
DA:181,2
DA:182,2
DA:183,2
DA:184,2
DA:185,114
DA:187,1
DA:188,3
DA:189,3
DA:190,1
DA:191,1
DA:192,1
DA:193,3
DA:194,3
DA:196,1
DA:197,57
DA:198,57
DA:199,57
DA:200,57
DA:201,57
DA:202,57
DA:204,57
DA:205,57
DA:206,57
DA:208,1
DA:209,24
DA:210,24
DA:212,1
DA:213,2
DA:214,2
DA:215,2
DA:216,6
DA:217,4
DA:218,4
DA:219,6
DA:220,2
DA:221,2
DA:223,1
DA:224,4
DA:225,4
DA:226,3
DA:227,4
DA:228,6
DA:229,6
DA:230,3
DA:231,3
DA:232,3
DA:233,4
DA:234,4
DA:236,4
DA:237,1
DA:238,3
DA:239,0
DA:240,2
DA:241,2
DA:242,2
DA:243,0
DA:244,0
DA:245,4
DA:246,4
DA:247,4
DA:249,1
DA:250,2
DA:251,2
DA:252,2
DA:254,1
DA:255,1
DA:256,1
DA:257,1
DA:259,1
DA:260,0
DA:261,0
DA:262,0
DA:263,0
DA:264,0
DA:265,0
DA:266,0
DA:267,0
DA:268,0
DA:269,0
DA:270,0
DA:272,1
DA:273,0
DA:274,0
DA:275,0
DA:277,0
DA:278,0
DA:279,0
DA:280,0
DA:281,0
DA:282,0
DA:283,0
DA:284,0
DA:285,0
DA:286,0
DA:287,0
DA:288,0
DA:289,0
DA:290,0
DA:291,0
DA:292,0
DA:293,0
DA:294,0
DA:295,0
DA:296,0
DA:297,0
DA:298,0
DA:300,0
DA:301,0
DA:302,0
DA:303,0
DA:304,0
DA:305,0
DA:307,0
DA:308,0
DA:309,0
DA:310,0
DA:311,0
DA:312,0
DA:313,0
DA:314,0
DA:315,0
DA:316,0
DA:317,0
DA:318,0
DA:319,0
DA:320,0
DA:321,0
DA:322,0
DA:323,0
DA:324,0
DA:325,0
DA:326,0
DA:327,0
DA:328,0
DA:330,0
DA:331,0
DA:332,0
DA:333,0
DA:334,0
DA:335,0
DA:336,0
DA:337,0
DA:338,0
DA:339,0
DA:341,0
DA:342,0
DA:344,1
DA:345,0
DA:346,0
DA:347,0
DA:348,0
DA:349,0
DA:350,0
DA:351,0
DA:352,0
DA:353,0
DA:354,0
DA:355,0
DA:356,0
DA:357,0
DA:358,0
DA:359,0
DA:361,0
DA:362,0
DA:363,0
DA:364,0
DA:365,0
DA:366,0
DA:367,0
DA:368,0
DA:369,0
DA:370,0
DA:371,0
DA:372,0
DA:373,0
DA:375,1
DA:376,0
DA:377,0
DA:378,0
DA:379,0
DA:380,0
DA:381,0
DA:382,0
DA:384,1
DA:385,0
DA:386,0
DA:387,0
DA:388,0
DA:389,0
DA:390,0
DA:391,0
DA:392,0
DA:393,0
DA:394,0
DA:395,0
DA:396,0
DA:397,0
DA:398,0
DA:399,0
DA:401,1
DA:402,0
DA:403,0
DA:405,1
DA:406,74
DA:407,18
DA:408,18
DA:409,18
DA:410,18
DA:411,18
DA:412,18
DA:413,18
DA:414,18
DA:415,56
DA:416,56
DA:417,74
DA:418,74
DA:419,74
DA:420,42
DA:421,26
DA:422,26
DA:423,4
DA:424,0
DA:425,74
DA:427,1
DA:428,37
DA:429,37
DA:431,37
DA:432,37
DA:433,125
DA:434,125
DA:436,37
DA:437,37
DA:438,37
DA:440,37
DA:441,3
DA:442,3
DA:443,3
DA:444,3
DA:445,3
DA:446,0
DA:447,3
DA:448,0
DA:449,0
DA:450,0
DA:451,0
DA:452,0
DA:453,37
DA:455,37
DA:456,71
DA:457,6
DA:458,6
DA:459,6
DA:460,4
DA:461,4
DA:462,6
DA:463,0
DA:464,0
DA:465,2
DA:466,2
DA:467,2
DA:468,2
DA:469,6
DA:471,71
DA:472,71
DA:473,74
DA:474,74
DA:475,37
DA:476,37
DA:477,37
DA:478,74
DA:479,71
DA:480,348
DA:481,100
DA:482,100
DA:483,100
DA:484,348
DA:485,50
DA:486,50
DA:487,50
DA:488,348
DA:489,71
DA:490,71
DA:492,37
DA:493,37
DA:494,125
DA:495,125
DA:496,125
DA:498,37
DA:499,37
DA:500,177
DA:501,177
DA:503,37
DA:504,37
DA:505,177
DA:506,177
DA:508,37
DA:509,37
DA:510,37
DA:511,37
DA:512,37
DA:513,3
DA:514,3
DA:515,3
DA:516,37
DA:517,37
DA:518,37
DA:520,1
DA:521,125
DA:522,125
DA:523,125
DA:524,125
DA:525,125
DA:526,37
DA:527,0
DA:528,125
DA:530,1
DA:531,254
DA:532,254
DA:533,254
DA:534,254
DA:535,230
DA:536,6
DA:537,0
DA:538,6
DA:539,230
DA:540,0
DA:541,0
DA:542,0
DA:543,74
DA:544,0
DA:545,254
DA:547,1
DA:548,0
DA:549,0
DA:550,0
DA:551,0
DA:552,0
DA:553,0
DA:554,0
DA:555,0
DA:556,0
DA:557,0
DA:558,0
DA:559,0
DA:561,1
DA:562,0
DA:563,0
DA:565,1
DA:566,2
DA:567,2
DA:568,2
DA:569,2
DA:570,2
DA:571,1
LF:527
LH:328
BRDA:12,0,0,1
BRDA:13,1,0,0
BRDA:18,2,0,0
BRDA:23,3,0,0
BRDA:35,4,0,0
BRDA:50,5,0,0
BRDA:50,6,0,0
BRDA:51,7,0,0
BRDA:51,8,0,0
BRDA:51,9,0,0
BRDA:51,10,0,0
BRDA:57,11,0,0
BRDA:67,12,0,1
BRDA:80,13,0,41
BRDA:92,14,0,171
BRDA:96,15,0,3
BRDA:110,16,0,114
BRDA:112,17,0,102
BRDA:112,18,0,31
BRDA:118,19,0,19
BRDA:118,20,0,12
BRDA:121,21,0,19
BRDA:121,22,0,12
BRDA:124,23,0,83
BRDA:125,24,0,32
BRDA:138,25,0,83
BRDA:138,26,0,51
BRDA:139,27,0,35
BRDA:139,28,0,32
BRDA:140,29,0,16
BRDA:140,30,0,16
BRDA:147,31,0,16
BRDA:150,32,0,91
BRDA:150,33,0,19
BRDA:151,34,0,15
BRDA:151,35,0,12
BRDA:151,36,0,10
BRDA:151,37,0,8
BRDA:151,38,0,6
BRDA:151,39,0,98
BRDA:151,40,0,15
BRDA:152,41,0,2
BRDA:152,42,0,13
BRDA:152,43,0,0
BRDA:160,44,0,71
BRDA:160,45,0,4
BRDA:161,46,0,2
BRDA:187,47,0,3
BRDA:188,48,0,14
BRDA:189,49,0,1
BRDA:192,50,0,0
BRDA:196,51,0,57
BRDA:199,52,0,0
BRDA:200,53,0,0
BRDA:201,54,0,0
BRDA:202,55,0,2
BRDA:202,56,0,0
BRDA:204,57,0,70
BRDA:208,58,0,24
BRDA:209,59,0,4
BRDA:209,60,0,96
BRDA:209,61,0,36
BRDA:212,62,0,2
BRDA:215,63,0,6
BRDA:216,64,0,4
BRDA:216,65,0,4
BRDA:217,66,0,1
BRDA:217,67,0,3
BRDA:223,68,0,4
BRDA:225,69,0,3
BRDA:225,70,0,1
BRDA:227,71,0,6
BRDA:229,72,0,3
BRDA:233,73,0,0
BRDA:234,74,0,3
BRDA:234,75,0,0
BRDA:236,76,0,1
BRDA:236,77,0,3
BRDA:236,78,0,1
BRDA:238,79,0,2
BRDA:238,80,0,0
BRDA:238,81,0,0
BRDA:242,82,0,0
BRDA:245,83,0,0
BRDA:224,84,0,9
BRDA:224,85,0,3
BRDA:231,86,0,9
BRDA:249,87,0,2
BRDA:251,88,0,0
BRDA:250,89,0,6
BRDA:254,90,0,1
BRDA:256,91,0,0
BRDA:255,92,0,2
BRDA:405,93,0,74
BRDA:406,94,0,18
BRDA:411,95,0,10
BRDA:411,96,0,8
BRDA:414,97,0,56
BRDA:417,98,0,0
BRDA:418,99,0,56
BRDA:418,100,0,0
BRDA:419,101,0,24
BRDA:419,102,0,16
BRDA:419,103,0,6
BRDA:419,104,0,18
BRDA:419,105,0,42
BRDA:419,106,0,32
BRDA:420,107,0,20
BRDA:420,108,0,12
BRDA:420,109,0,14
BRDA:420,110,0,6
BRDA:420,111,0,26
BRDA:420,112,0,12
BRDA:421,113,0,4
BRDA:421,114,0,2
BRDA:421,115,0,2
BRDA:421,116,0,8
BRDA:422,117,0,4
BRDA:422,118,0,2
BRDA:422,119,0,2
BRDA:422,120,0,2
BRDA:423,121,0,2
BRDA:423,122,0,2
BRDA:423,123,0,2
BRDA:423,124,0,0
BRDA:427,125,0,37
BRDA:432,126,0,125
BRDA:455,127,0,71
BRDA:456,128,0,6
BRDA:457,129,0,0
BRDA:458,130,0,0
BRDA:459,131,0,4
BRDA:462,132,0,2
BRDA:462,133,0,0
BRDA:462,134,0,0
BRDA:472,135,0,74
BRDA:474,136,0,37
BRDA:479,137,0,348
BRDA:480,138,0,344
BRDA:480,139,0,248
BRDA:480,140,0,100
BRDA:484,141,0,50
BRDA:489,142,0,37
BRDA:493,143,0,125
BRDA:499,144,0,177
BRDA:500,145,0,37
BRDA:504,146,0,177
BRDA:505,147,0,50
BRDA:505,148,0,24
BRDA:505,149,0,26
BRDA:428,150,0,177
BRDA:436,151,0,177
BRDA:437,152,0,177
BRDA:440,153,0,3
BRDA:443,154,0,0
BRDA:445,155,0,2
BRDA:445,156,0,1
BRDA:445,157,0,0
BRDA:447,158,0,0
BRDA:512,159,0,3
BRDA:513,160,0,0
BRDA:514,161,0,0
BRDA:520,162,0,125
BRDA:523,163,0,0
BRDA:524,164,0,85
BRDA:524,165,0,54
BRDA:524,166,0,26
BRDA:524,167,0,28
BRDA:524,168,0,31
BRDA:524,169,0,18
BRDA:524,170,0,13
BRDA:524,171,0,71
BRDA:524,172,0,40
BRDA:525,173,0,37
BRDA:525,174,0,111
BRDA:525,175,0,3
BRDA:525,176,0,37
BRDA:526,177,0,17
BRDA:526,178,0,20
BRDA:526,179,0,0
BRDA:530,180,0,254
BRDA:533,181,0,0
BRDA:534,182,0,174
BRDA:534,183,0,104
BRDA:534,184,0,51
BRDA:534,185,0,53
BRDA:534,186,0,70
BRDA:534,187,0,41
BRDA:534,188,0,29
BRDA:534,189,0,230
BRDA:534,190,0,80
BRDA:535,191,0,6
BRDA:536,192,0,4
BRDA:536,193,0,2
BRDA:536,194,0,0
BRDA:538,195,0,74
BRDA:539,196,0,0
BRDA:542,197,0,74
BRDA:543,198,0,34
BRDA:543,199,0,40
BRDA:543,200,0,0
BRDA:565,201,0,2
BRDA:567,202,0,1
BRDA:567,203,0,1
BRDA:568,204,0,0
BRDA:568,205,0,1
BRDA:566,206,0,2
BRDA:566,207,0,1
BRF:208
BRH:164
end_of_record
TN:
SF:js\modules\endlessChallenges.js
FN:5,tableFromFn
FN:37,randomFallbackChallenge
FN:45,validateTruthTable
FNF:3
FNH:3
FNDA:6,tableFromFn
FNDA:2,randomFallbackChallenge
FNDA:8,validateTruthTable
DA:1,1
DA:2,1
DA:3,1
DA:5,6
DA:6,6
DA:7,6
DA:8,6
DA:9,12
DA:10,24
DA:11,48
DA:12,48
DA:13,48
DA:14,24
DA:15,12
DA:16,6
DA:17,6
DA:19,1
DA:20,1
DA:21,1
DA:22,1
DA:23,1
DA:24,1
DA:25,1
DA:26,1
DA:27,1
DA:28,1
DA:29,1
DA:30,1
DA:31,1
DA:32,1
DA:33,1
DA:34,1
DA:35,1
DA:37,1
DA:38,2
DA:39,2
DA:41,1
DA:42,1
DA:43,1
DA:44,1
DA:45,1
DA:46,8
DA:47,8
DA:48,8
DA:49,15
DA:50,30
DA:51,30
DA:52,30
DA:53,30
DA:54,13
DA:55,6
DA:56,3
DA:57,3
LF:53
LH:53
BRDA:5,0,0,6
BRDA:8,1,0,12
BRDA:9,2,0,24
BRDA:10,3,0,48
BRDA:12,4,0,24
BRDA:12,5,0,24
BRDA:23,6,0,16
BRDA:28,7,0,16
BRDA:28,8,0,8
BRDA:28,9,0,8
BRDA:33,10,0,16
BRDA:37,11,0,2
BRDA:45,12,0,8
BRDA:46,13,0,6
BRDA:46,14,0,3
BRDA:46,15,0,5
BRDA:47,16,0,8
BRDA:48,17,0,15
BRDA:49,18,0,30
BRDA:52,19,0,29
BRDA:52,20,0,15
BRDA:52,21,0,2
BRDA:53,22,0,13
BRDA:54,23,0,6
BRDA:55,24,0,3
BRF:25
BRH:25
end_of_record
TN:
SF:js\modules\engine.js
FN:14,GameEngine
FN:27,startLevel
FN:35,_startTimer
FN:51,_stopTimer
FN:58,pause
FN:64,resume
FN:70,completeLevel
FN:80,failLevel
FN:86,nextLevel
FN:91,resetGame
FN:101,getTimeFormatted
FN:109,_emitStateChange
FN:113,destroy
FNF:13
FNH:13
FNDA:10,GameEngine
FNDA:8,startLevel
FNDA:8,_startTimer
FNDA:6,_stopTimer
FNDA:1,pause
FNDA:1,resume
FNDA:2,completeLevel
FNDA:1,failLevel
FNDA:1,nextLevel
FNDA:1,resetGame
FNDA:3,getTimeFormatted
FNDA:15,_emitStateChange
FNDA:1,destroy
DA:1,1
DA:2,1
DA:3,1
DA:5,1
DA:6,1
DA:7,1
DA:8,1
DA:9,1
DA:10,1
DA:11,1
DA:13,1
DA:14,1
DA:15,10
DA:16,10
DA:17,10
DA:18,10
DA:19,10
DA:20,10
DA:21,10
DA:22,10
DA:23,10
DA:24,10
DA:25,10
DA:27,1
DA:28,8
DA:29,8
DA:30,8
DA:31,8
DA:32,8
DA:33,8
DA:35,1
DA:36,8
DA:37,8
DA:38,11
DA:39,6
DA:40,11
DA:41,11
DA:42,1
DA:43,1
DA:44,1
DA:45,1
DA:46,1
DA:47,1
DA:48,8
DA:49,8
DA:51,1
DA:52,6
DA:53,6
DA:54,6
DA:55,6
DA:56,6
DA:58,1
DA:59,1
DA:60,1
DA:61,1
DA:62,1
DA:64,1
DA:65,1
DA:66,1
DA:67,1
DA:68,1
DA:70,1
DA:71,2
DA:72,2
DA:73,2
DA:74,2
DA:75,2
DA:76,2
DA:77,2
DA:78,2
DA:80,1
DA:81,1
DA:82,1
DA:83,1
DA:84,1
DA:86,1
DA:87,1
DA:88,1
DA:89,1
DA:91,1
DA:92,1
DA:93,1
DA:94,1
DA:95,1
DA:96,1
DA:97,1
DA:98,1
DA:99,1
DA:101,1
DA:102,3
DA:103,3
DA:104,3
DA:105,3
DA:106,3
DA:107,3
DA:109,1
DA:110,15
DA:111,15
DA:113,1
DA:114,1
DA:115,1
DA:116,1
LF:102
LH:102
BRDA:14,0,0,10
BRDA:27,1,0,8
BRDA:35,2,0,8
BRDA:36,3,0,0
BRDA:37,4,0,11
BRDA:38,5,0,5
BRDA:38,6,0,6
BRDA:40,7,0,0
BRDA:40,8,0,6
BRDA:41,9,0,1
BRDA:51,10,0,6
BRDA:58,11,0,1
BRDA:64,12,0,1
BRDA:70,13,0,2
BRDA:75,14,0,1
BRDA:80,15,0,1
BRDA:86,16,0,1
BRDA:91,17,0,1
BRDA:101,18,0,3
BRDA:109,19,0,15
BRDA:110,20,0,0
BRDA:113,21,0,1
BRF:22
BRH:19
end_of_record
TN:
SF:js\modules\portalAssistant.js
FN:16,isPortalAssistantActive
FN:22,getAssistantGameId
FN:32,initPortalAssistantBridge
FN:42,ensureBridgeInitialized
FN:50,sendAssistantGameEvent
FNF:5
FNH:5
FNDA:7,isPortalAssistantActive
FNDA:3,getAssistantGameId
FNDA:1,initPortalAssistantBridge
FNDA:1,ensureBridgeInitialized
FNDA:4,sendAssistantGameEvent
DA:1,1
DA:2,1
DA:3,1
DA:4,1
DA:5,1
DA:6,1
DA:11,1
DA:12,1
DA:13,1
DA:14,1
DA:15,1
DA:16,1
DA:17,7
DA:18,6
DA:19,6
DA:20,1
DA:21,1
DA:22,1
DA:23,3
DA:24,3
DA:25,2
DA:26,3
DA:27,3
DA:28,1
DA:29,1
DA:30,1
DA:31,1
DA:32,1
DA:33,1
DA:34,1
DA:35,1
DA:36,1
DA:37,1
DA:38,1
DA:39,1
DA:40,1
DA:41,1
DA:42,1
DA:43,1
DA:44,1
DA:45,1
DA:46,1
DA:47,1
DA:48,1
DA:49,1
DA:50,1
DA:51,4
DA:52,4
DA:53,1
DA:54,1
DA:55,1
DA:56,1
DA:57,1
DA:58,1
DA:59,4
DA:60,4
DA:61,4
DA:62,4
DA:63,4
DA:64,4
DA:65,4
DA:66,4
DA:67,4
DA:68,4
DA:69,1
DA:70,1
DA:71,1
DA:72,1
DA:73,1
DA:74,1
DA:75,4
DA:76,4
DA:77,4
DA:78,4
DA:79,4
DA:80,4
DA:81,4
DA:82,4
DA:83,4
DA:84,4
DA:85,4
DA:86,4
DA:87,4
DA:88,4
DA:89,4
DA:90,1
DA:91,1
DA:92,4
DA:93,0
DA:94,0
DA:95,4
DA:96,0
DA:97,0
DA:98,4
DA:99,0
DA:100,0
DA:101,4
DA:102,0
DA:103,0
DA:104,4
DA:105,0
DA:106,0
DA:107,4
DA:108,0
DA:109,0
DA:110,4
DA:111,0
DA:112,4
DA:113,4
LF:109
LH:96
BRDA:16,0,0,7
BRDA:17,1,0,1
BRDA:18,2,0,6
BRDA:22,3,0,3
BRDA:24,4,0,2
BRDA:24,5,0,1
BRDA:25,6,0,2
BRDA:26,7,0,2
BRDA:26,8,0,0
BRDA:32,9,0,1
BRDA:42,10,0,1
BRDA:43,11,0,0
BRDA:50,12,0,4
BRDA:51,13,0,3
BRDA:52,14,0,1
BRDA:52,15,0,0
BRDA:53,16,0,1
BRDA:59,17,0,1
BRDA:60,18,0,0
BRDA:62,19,0,0
BRDA:63,20,0,0
BRDA:64,21,0,1
BRDA:68,22,0,1
BRDA:68,23,0,1
BRDA:75,24,0,0
BRDA:77,25,0,0
BRDA:77,26,0,1
BRDA:78,27,0,0
BRDA:78,28,0,1
BRDA:79,29,0,0
BRDA:79,30,0,1
BRDA:81,31,0,0
BRDA:81,32,0,1
BRDA:83,33,0,0
BRDA:84,34,0,0
BRDA:85,35,0,1
BRDA:89,36,0,1
BRDA:92,37,0,0
BRDA:95,38,0,0
BRDA:98,39,0,0
BRDA:101,40,0,0
BRDA:104,41,0,0
BRDA:107,42,0,0
BRDA:110,43,0,0
BRF:44
BRH:24
end_of_record
TN:
SF:js\modules\tutor.js
FN:15,callTutorApi
FN:45,AITutor
FN:53,setLevelContext
FN:58,getHint
FN:97,getIntroMessage
FN:121,_getDefaultIntro
FN:128,_getFallbackHint
FN:148,_setThinking
FN:153,reset
FN:163,fetchEndlessChallenge
FNF:10
FNH:10
FNDA:6,callTutorApi
FNDA:8,AITutor
FNDA:4,setLevelContext
FNDA:2,getHint
FNDA:2,getIntroMessage
FNDA:2,_getDefaultIntro
FNDA:1,_getFallbackHint
FNDA:12,_setThinking
FNDA:1,reset
FNDA:2,fetchEndlessChallenge
DA:1,1
DA:2,1
DA:3,1
DA:5,1
DA:6,1
DA:8,1
DA:10,1
DA:11,1
DA:12,1
DA:13,1
DA:15,6
DA:16,6
DA:17,6
DA:18,6
DA:19,4
DA:20,4
DA:21,6
DA:22,6
DA:23,6
DA:24,6
DA:25,6
DA:26,6
DA:28,6
DA:30,6
DA:31,6
DA:32,6
DA:33,6
DA:34,6
DA:36,4
DA:37,6
DA:38,1
DA:39,1
DA:41,3
DA:42,3
DA:44,1
DA:45,1
DA:46,8
DA:47,8
DA:48,8
DA:49,8
DA:50,8
DA:51,8
DA:53,1
DA:54,4
DA:55,4
DA:56,4
DA:58,1
DA:59,2
DA:60,2
DA:62,2
DA:64,2
DA:65,2
DA:67,2
DA:68,2
DA:69,2
DA:71,2
DA:72,2
DA:73,2
DA:75,2
DA:77,2
DA:78,2
DA:79,2
DA:80,2
DA:81,2
DA:83,1
DA:84,1
DA:86,1
DA:87,1
DA:88,1
DA:89,1
DA:90,1
DA:91,1
DA:92,1
DA:93,1
DA:94,1
DA:95,2
DA:97,1
DA:98,2
DA:99,2
DA:100,2
DA:101,2
DA:102,2
DA:103,2
DA:104,2
DA:105,2
DA:106,2
DA:107,2
DA:109,0
DA:110,0
DA:111,0
DA:112,2
DA:113,2
DA:114,2
DA:115,2
DA:116,2
DA:117,2
DA:118,2
DA:119,2
DA:121,1
DA:122,2
DA:123,1
DA:124,1
DA:125,1
DA:126,2
DA:128,1
DA:129,1
DA:130,1
DA:131,1
DA:132,0
DA:133,0
DA:134,1
DA:135,1
DA:136,1
DA:137,1
DA:138,0
DA:139,0
DA:140,0
DA:141,0
DA:142,0
DA:143,0
DA:144,0
DA:145,0
DA:146,1
DA:148,1
DA:149,12
DA:150,12
DA:151,12
DA:153,1
DA:154,1
DA:155,1
DA:156,1
DA:157,1
DA:159,1
DA:160,1
DA:161,1
DA:162,1
DA:163,1
DA:164,2
DA:165,2
DA:166,2
DA:167,2
DA:168,2
DA:169,2
DA:170,2
DA:171,2
DA:172,2
DA:173,2
DA:174,2
DA:176,2
DA:177,2
DA:178,2
DA:180,1
DA:181,2
DA:182,2
DA:183,2
DA:185,2
DA:187,1
DA:188,1
DA:189,1
DA:190,1
DA:191,1
DA:192,1
DA:193,1
DA:194,1
DA:195,1
DA:196,1
DA:197,1
DA:198,1
DA:199,2
DA:200,1
LF:170
LH:157
BRDA:15,0,0,6
BRDA:18,1,0,4
BRDA:18,2,0,4
BRDA:21,3,0,0
BRDA:23,4,0,0
BRDA:34,5,0,4
BRDA:37,6,0,1
BRDA:39,7,0,3
BRDA:45,8,0,8
BRDA:53,9,0,4
BRDA:58,10,0,2
BRDA:59,11,0,0
BRDA:69,12,0,1
BRDA:69,13,0,1
BRDA:72,14,0,1
BRDA:73,15,0,1
BRDA:81,16,0,1
BRDA:97,17,0,2
BRDA:107,18,0,0
BRDA:121,19,0,2
BRDA:122,20,0,1
BRDA:122,21,0,1
BRDA:128,22,0,1
BRDA:131,23,0,0
BRDA:137,24,0,0
BRDA:148,25,0,12
BRDA:150,26,0,0
BRDA:153,27,0,1
BRDA:163,28,0,2
BRDA:178,29,0,1
BRDA:178,30,0,1
BRDA:181,31,0,0
BRDA:182,32,0,1
BRDA:182,33,0,0
BRDA:183,34,0,1
BRDA:183,35,0,1
BRDA:183,36,0,0
BRDA:185,37,0,0
BRDA:185,38,0,1
BRDA:194,39,0,0
BRF:40
BRH:28
end_of_record
